<?xml version="1.0" encoding="UTF-8"?>
<testng-results ignored="0" total="3" passed="3" failed="0" skipped="0">
  <reporter-output>
  </reporter-output>
  <suite started-at="2022-10-12T10:03:25 IST" name="Default suite" finished-at="2022-10-12T10:04:52 IST" duration-ms="87006">
    <groups>
    </groups>
    <test started-at="2022-10-12T10:03:25 IST" name="Default test" finished-at="2022-10-12T10:04:52 IST" duration-ms="87006">
      <class name="com.application">
        <test-method is-config="true" signature="startBrowser()[pri:0, instance:com.application@1b2abca6]" started-at="2022-10-12T10:03:25 IST" name="startBrowser" finished-at="2022-10-12T10:04:41 IST" duration-ms="75967" status="PASS">
          <reporter-output>
          </reporter-output>
        </test-method> <!-- startBrowser -->
        <test-method signature="loadtime()[pri:1, instance:com.application@1b2abca6]" started-at="2022-10-12T10:04:41 IST" name="loadtime" finished-at="2022-10-12T10:04:42 IST" duration-ms="999" status="PASS">
          <reporter-output>
          </reporter-output>
        </test-method> <!-- loadtime -->
        <test-method signature="search()[pri:2, instance:com.application@1b2abca6]" started-at="2022-10-12T10:04:42 IST" name="search" finished-at="2022-10-12T10:04:45 IST" duration-ms="3497" status="PASS">
          <reporter-output>
          </reporter-output>
        </test-method> <!-- search -->
        <test-method signature="scroll()[pri:3, instance:com.application@1b2abca6]" started-at="2022-10-12T10:04:45 IST" name="scroll" finished-at="2022-10-12T10:04:49 IST" duration-ms="3167" status="PASS">
          <reporter-output>
          </reporter-output>
        </test-method> <!-- scroll -->
        <test-method is-config="true" signature="closeBrowser()[pri:0, instance:com.application@1b2abca6]" started-at="2022-10-12T10:04:49 IST" name="closeBrowser" finished-at="2022-10-12T10:04:52 IST" duration-ms="3303" status="PASS">
          <reporter-output>
          </reporter-output>
        </test-method> <!-- closeBrowser -->
      </class> <!-- com.application -->
    </test> <!-- Default test -->
  </suite> <!-- Default suite -->
</testng-results>
